0 info it worked if it ends with ok
1 verbose cli [ 'd:\\Program Files (x86)\\nodejs\\node.exe',
1 verbose cli   'd:\\Program Files (x86)\\nodejs\\node_modules\\npm\\bin\\npm-cli.js',
1 verbose cli   'install',
1 verbose cli   'body-parser' ]
2 info using npm@2.12.0
3 info using node@v0.10.33
4 verbose install initial load of d:\tb\package.json
5 verbose installManyTop reading scoped package data from d:\tb\node_modules\body-parser\package.json
6 verbose installManyTop reading scoped package data from d:\tb\node_modules\composable-middleware\package.json
7 verbose installManyTop reading scoped package data from d:\tb\node_modules\compression\package.json
8 verbose installManyTop reading scoped package data from d:\tb\node_modules\connect-livereload\package.json
9 verbose installManyTop reading scoped package data from d:\tb\node_modules\connect-mongo\package.json
10 verbose installManyTop reading scoped package data from d:\tb\node_modules\cookie-parser\package.json
11 verbose installManyTop reading scoped package data from d:\tb\node_modules\ejs\package.json
12 verbose installManyTop reading scoped package data from d:\tb\node_modules\errorhandler\package.json
13 verbose installManyTop reading scoped package data from d:\tb\node_modules\express\package.json
14 verbose installManyTop reading scoped package data from d:\tb\node_modules\express-jwt\package.json
15 verbose installManyTop reading scoped package data from d:\tb\node_modules\express-session\package.json
16 verbose installManyTop reading scoped package data from d:\tb\node_modules\grunt\package.json
17 verbose installManyTop reading scoped package data from d:\tb\node_modules\grunt-angular-templates\package.json
18 verbose installManyTop reading scoped package data from d:\tb\node_modules\grunt-asset-injector\package.json
19 verbose installManyTop reading scoped package data from d:\tb\node_modules\grunt-autoprefixer\package.json
20 verbose installManyTop reading scoped package data from d:\tb\node_modules\grunt-build-control\package.json
21 verbose installManyTop reading scoped package data from d:\tb\node_modules\grunt-concurrent\package.json
22 verbose installManyTop reading scoped package data from d:\tb\node_modules\grunt-contrib-clean\package.json
23 verbose installManyTop reading scoped package data from d:\tb\node_modules\grunt-contrib-concat\package.json
24 verbose installManyTop reading scoped package data from d:\tb\node_modules\grunt-contrib-copy\package.json
25 verbose installManyTop reading scoped package data from d:\tb\node_modules\grunt-contrib-cssmin\package.json
26 verbose installManyTop reading scoped package data from d:\tb\node_modules\grunt-contrib-htmlmin\package.json
27 verbose installManyTop reading scoped package data from d:\tb\node_modules\grunt-contrib-imagemin\package.json
28 verbose installManyTop reading scoped package data from d:\tb\node_modules\grunt-contrib-jshint\package.json
29 verbose installManyTop reading scoped package data from d:\tb\node_modules\grunt-contrib-less\package.json
30 verbose installManyTop reading scoped package data from d:\tb\node_modules\grunt-contrib-uglify\package.json
31 verbose installManyTop reading scoped package data from d:\tb\node_modules\grunt-contrib-watch\package.json
32 verbose installManyTop reading scoped package data from d:\tb\node_modules\grunt-dom-munger\package.json
33 verbose installManyTop reading scoped package data from d:\tb\node_modules\grunt-env\package.json
34 verbose installManyTop reading scoped package data from d:\tb\node_modules\grunt-express-server\package.json
35 verbose installManyTop reading scoped package data from d:\tb\node_modules\grunt-google-cdn\package.json
36 verbose installManyTop reading scoped package data from d:\tb\node_modules\grunt-karma\package.json
37 verbose installManyTop reading scoped package data from d:\tb\node_modules\grunt-mocha-test\package.json
38 verbose installManyTop reading scoped package data from d:\tb\node_modules\grunt-newer\package.json
39 verbose installManyTop reading scoped package data from d:\tb\node_modules\grunt-ng-annotate\package.json
40 verbose installManyTop reading scoped package data from d:\tb\node_modules\grunt-node-inspector\package.json
41 verbose installManyTop reading scoped package data from d:\tb\node_modules\grunt-nodemon\package.json
42 verbose installManyTop reading scoped package data from d:\tb\node_modules\grunt-open\package.json
43 verbose installManyTop reading scoped package data from d:\tb\node_modules\grunt-protractor-runner\package.json
44 verbose installManyTop reading scoped package data from d:\tb\node_modules\grunt-rev\package.json
45 verbose installManyTop reading scoped package data from d:\tb\node_modules\grunt-svgmin\package.json
46 verbose installManyTop reading scoped package data from d:\tb\node_modules\grunt-usemin\package.json
47 verbose installManyTop reading scoped package data from d:\tb\node_modules\grunt-wiredep\package.json
48 verbose installManyTop reading scoped package data from d:\tb\node_modules\jit-grunt\package.json
49 verbose installManyTop reading scoped package data from d:\tb\node_modules\jshint-stylish\package.json
50 verbose installManyTop reading scoped package data from d:\tb\node_modules\jsonwebtoken\package.json
51 verbose installManyTop reading scoped package data from d:\tb\node_modules\karma\package.json
52 verbose installManyTop reading scoped package data from d:\tb\node_modules\karma-chrome-launcher\package.json
53 verbose installManyTop reading scoped package data from d:\tb\node_modules\karma-coffee-preprocessor\package.json
54 verbose installManyTop reading scoped package data from d:\tb\node_modules\karma-firefox-launcher\package.json
55 verbose installManyTop reading scoped package data from d:\tb\node_modules\karma-html2js-preprocessor\package.json
56 verbose installManyTop reading scoped package data from d:\tb\node_modules\karma-jade-preprocessor\package.json
57 verbose installManyTop reading scoped package data from d:\tb\node_modules\karma-jasmine\package.json
58 verbose installManyTop reading scoped package data from d:\tb\node_modules\karma-ng-html2js-preprocessor\package.json
59 verbose installManyTop reading scoped package data from d:\tb\node_modules\karma-ng-jade2js-preprocessor\package.json
60 verbose installManyTop reading scoped package data from d:\tb\node_modules\karma-ng-scenario\package.json
61 verbose installManyTop reading scoped package data from d:\tb\node_modules\karma-phantomjs-launcher\package.json
62 verbose installManyTop reading scoped package data from d:\tb\node_modules\karma-requirejs\package.json
63 verbose installManyTop reading scoped package data from d:\tb\node_modules\karma-script-launcher\package.json
64 verbose installManyTop reading scoped package data from d:\tb\node_modules\lodash\package.json
65 verbose installManyTop reading scoped package data from d:\tb\node_modules\method-override\package.json
66 verbose installManyTop reading scoped package data from d:\tb\node_modules\mongoose\package.json
67 verbose installManyTop reading scoped package data from d:\tb\node_modules\morgan\package.json
68 verbose installManyTop reading scoped package data from d:\tb\node_modules\open\package.json
69 verbose installManyTop reading scoped package data from d:\tb\node_modules\passport\package.json
70 verbose installManyTop reading scoped package data from d:\tb\node_modules\passport-facebook\package.json
71 verbose installManyTop reading scoped package data from d:\tb\node_modules\passport-google-oauth\package.json
72 verbose installManyTop reading scoped package data from d:\tb\node_modules\passport-local\package.json
73 verbose installManyTop reading scoped package data from d:\tb\node_modules\requirejs\package.json
74 verbose installManyTop reading scoped package data from d:\tb\node_modules\serve-favicon\package.json
75 verbose installManyTop reading scoped package data from d:\tb\node_modules\should\package.json
76 verbose installManyTop reading scoped package data from d:\tb\node_modules\supertest\package.json
77 verbose installManyTop reading scoped package data from d:\tb\node_modules\time-grunt\package.json
78 info package.json connect-livereload@0.4.1 No license field.
79 info package.json composable-middleware@0.3.0 No license field.
80 info package.json cookie-parser@1.0.1 No license field.
81 info package.json ejs@0.8.8 No license field.
82 info package.json express-jwt@0.1.4 No license field.
83 info package.json grunt@0.4.5 No license field.
84 info package.json passport-facebook@2.0.0 No license field.
85 info package.json passport-google-oauth@0.2.0 No license field.
86 info package.json passport-local@0.1.6 No license field.
87 info package.json grunt-concurrent@0.5.0 No license field.
88 info package.json grunt-rev@0.1.0 No license field.
89 info package.json grunt-contrib-watch@0.6.1 No license field.
90 info package.json grunt-contrib-cssmin@0.9.0 No license field.
91 info package.json grunt-contrib-copy@0.5.0 No license field.
92 info package.json grunt-contrib-imagemin@0.7.2 No license field.
93 info package.json grunt-ng-annotate@0.2.3 No license field.
94 info package.json grunt-contrib-uglify@0.4.1 No license field.
95 info package.json grunt-svgmin@0.4.0 No license field.
96 info package.json grunt-mocha-test@0.10.2 No license field.
97 info package.json grunt-contrib-jshint@0.10.0 No license field.
98 info package.json grunt-contrib-htmlmin@0.2.0 No license field.
99 info package.json grunt-env@0.4.4 No license field.
100 info package.json grunt-newer@0.7.0 No license field.
101 info package.json grunt-dom-munger@3.4.0 No license field.
102 info package.json grunt-express-server@0.4.19 No license field.
103 info package.json grunt-angular-templates@0.5.7 No license field.
104 info package.json grunt-protractor-runner@1.2.1 No license field.
105 info package.json grunt-open@0.2.3 No license field.
106 info package.json grunt-contrib-clean@0.5.0 No license field.
107 info package.json grunt-asset-injector@0.1.0 No license field.
108 info package.json grunt-google-cdn@0.4.3 license should be a valid SPDX license expression
109 info package.json requirejs@2.1.18 No license field.
110 info package.json mongoose@3.8.30 No license field.
111 info package.json should@3.3.2 No license field.
112 info package.json grunt-usemin@2.1.1 license should be a valid SPDX license expression
113 info package.json grunt-wiredep@1.8.0 No license field.
114 info package.json grunt-contrib-less@0.11.4 No license field.
115 info package.json connect-mongo@0.4.2 No license field.
116 info package.json grunt-contrib-concat@0.4.0 No license field.
117 info package.json grunt-build-control@0.1.3 No license field.
118 verbose readDependencies loading dependencies from d:\tb\package.json
119 verbose install body-parser is installed as 1.5.2
120 silly cache add args [ 'body-parser@~1.5.0', null ]
121 verbose cache add spec body-parser@~1.5.0
122 silly cache add parsed spec { raw: 'body-parser@~1.5.0',
122 silly cache add   scope: null,
122 silly cache add   name: 'body-parser',
122 silly cache add   rawSpec: '~1.5.0',
122 silly cache add   spec: '>=1.5.0 <1.6.0',
122 silly cache add   type: 'range' }
123 silly addNamed body-parser@>=1.5.0 <1.6.0
124 verbose addNamed ">=1.5.0 <1.6.0" is a valid semver range for body-parser
125 silly addNameRange { name: 'body-parser', range: '>=1.5.0 <1.6.0', hasData: false }
126 silly mapToRegistry name body-parser
127 silly mapToRegistry using default registry
128 silly mapToRegistry registry https://registry.npmjs.org/
129 silly mapToRegistry uri https://registry.npmjs.org/body-parser
130 verbose addNameRange registry:https://registry.npmjs.org/body-parser not in flight; fetching
131 verbose request uri https://registry.npmjs.org/body-parser
132 verbose request no auth needed
133 info attempt registry request try #1 at 22:08:36
134 verbose request id cd6f9b5d0f15bf44
135 verbose etag "7GPZMPT59QT1LAS91CW0VYPLX"
136 http request GET https://registry.npmjs.org/body-parser
137 http 200 https://registry.npmjs.org/body-parser
138 silly get cb [ 200,
138 silly get   { server: 'CouchDB/1.5.0 (Erlang OTP/R16B03)',
138 silly get     etag: '"ACBCBLL5YBE59HTZZBJP3JY6E"',
138 silly get     'content-type': 'application/json',
138 silly get     'cache-control': 'max-age=60',
138 silly get     'content-length': '101743',
138 silly get     'accept-ranges': 'bytes',
138 silly get     date: 'Sat, 04 Jul 2015 20:08:35 GMT',
138 silly get     via: '1.1 varnish',
138 silly get     age: '33',
138 silly get     connection: 'keep-alive',
138 silly get     'x-served-by': 'cache-lhr6325-LHR',
138 silly get     'x-cache': 'HIT',
138 silly get     'x-cache-hits': '41',
138 silly get     'x-timer': 'S1436040515.738285,VS0,VE0',
138 silly get     vary: 'Accept' } ]
139 verbose get saving body-parser to C:\Users\Laurent\AppData\Roaming\npm-cache\registry.npmjs.org\body-parser\.cache.json
140 verbose type undefined_method
141 verbose stack TypeError: Object #<process> has no method 'getuid'
141 verbose stack     at calculateOwner (d:\Program Files (x86)\nodejs\node_modules\npm\lib\utils\correct-mkdir.js:37:24)
141 verbose stack     at d:\Program Files (x86)\nodejs\node_modules\npm\lib\utils\correct-mkdir.js:23:22
141 verbose stack     at Object.oncomplete (evalmachine.<anonymous>:107:15)
142 verbose cwd d:\tb
143 error Windows_NT 6.1.7601
144 error argv "d:\\Program Files (x86)\\nodejs\\node.exe" "d:\\Program Files (x86)\\nodejs\\node_modules\\npm\\bin\\npm-cli.js" "install" "body-parser"
145 error node v0.10.33
146 error npm  v2.12.0
147 error Object #<process> has no method 'getuid'
148 error If you need help, you may report this error at:
148 error     <https://github.com/npm/npm/issues>
149 verbose exit [ 1, true ]
